[32m2024-02-20 20:42:54 +0100[0m - dagster - [34mDEBUG[0m - __ASSET_JOB - 5c9b89e7-9e5c-46ab-a866-debe23ee1778 - 353337 - LOGS_CAPTURED - Started capturing logs in process (pid: 353337).
[32m2024-02-20 20:42:54 +0100[0m - dagster - [34mDEBUG[0m - __ASSET_JOB - 5c9b89e7-9e5c-46ab-a866-debe23ee1778 - 353337 - buses_with_nearest_stops - STEP_START - Started execution of step "buses_with_nearest_stops".
[32m2024-02-20 20:42:54 +0100[0m - dagster - [34mDEBUG[0m - __ASSET_JOB - 5c9b89e7-9e5c-46ab-a866-debe23ee1778 - buses_with_nearest_stops - Loading file from: ../data/fetch_buses_data using PickledObjectFilesystemIOManager...
[32m2024-02-20 20:42:54 +0100[0m - dagster - [34mDEBUG[0m - __ASSET_JOB - 5c9b89e7-9e5c-46ab-a866-debe23ee1778 - 353337 - buses_with_nearest_stops - ASSET_OBSERVATION - ASSET_OBSERVATION for step buses_with_nearest_stops
[32m2024-02-20 20:42:54 +0100[0m - dagster - [34mDEBUG[0m - __ASSET_JOB - 5c9b89e7-9e5c-46ab-a866-debe23ee1778 - 353337 - buses_with_nearest_stops - LOADED_INPUT - Loaded input "fetch_buses_data" using input manager "base_io_manager"
[32m2024-02-20 20:42:55 +0100[0m - dagster - [34mDEBUG[0m - __ASSET_JOB - 5c9b89e7-9e5c-46ab-a866-debe23ee1778 - buses_with_nearest_stops - Loading file from: ../data/fetch_stops_data using PickledObjectFilesystemIOManager...
[32m2024-02-20 20:42:55 +0100[0m - dagster - [34mDEBUG[0m - __ASSET_JOB - 5c9b89e7-9e5c-46ab-a866-debe23ee1778 - 353337 - buses_with_nearest_stops - ASSET_OBSERVATION - ASSET_OBSERVATION for step buses_with_nearest_stops
[32m2024-02-20 20:42:55 +0100[0m - dagster - [34mDEBUG[0m - __ASSET_JOB - 5c9b89e7-9e5c-46ab-a866-debe23ee1778 - 353337 - buses_with_nearest_stops - LOADED_INPUT - Loaded input "fetch_stops_data" using input manager "base_io_manager"
[32m2024-02-20 20:42:55 +0100[0m - dagster - [34mDEBUG[0m - __ASSET_JOB - 5c9b89e7-9e5c-46ab-a866-debe23ee1778 - buses_with_nearest_stops - Loading file from: ../data/fetch_timetables_data using PickledObjectFilesystemIOManager...
[32m2024-02-20 20:42:55 +0100[0m - dagster - [34mDEBUG[0m - __ASSET_JOB - 5c9b89e7-9e5c-46ab-a866-debe23ee1778 - 353337 - buses_with_nearest_stops - ASSET_OBSERVATION - ASSET_OBSERVATION for step buses_with_nearest_stops
[32m2024-02-20 20:42:55 +0100[0m - dagster - [34mDEBUG[0m - __ASSET_JOB - 5c9b89e7-9e5c-46ab-a866-debe23ee1778 - 353337 - buses_with_nearest_stops - LOADED_INPUT - Loaded input "fetch_timetables_data" using input manager "base_io_manager"
[32m2024-02-20 20:42:55 +0100[0m - dagster - [34mDEBUG[0m - __ASSET_JOB - 5c9b89e7-9e5c-46ab-a866-debe23ee1778 - 353337 - buses_with_nearest_stops - STEP_INPUT - Got input "fetch_buses_data" of type "Any". (Type check passed).
[32m2024-02-20 20:42:55 +0100[0m - dagster - [34mDEBUG[0m - __ASSET_JOB - 5c9b89e7-9e5c-46ab-a866-debe23ee1778 - 353337 - buses_with_nearest_stops - STEP_INPUT - Got input "fetch_stops_data" of type "Any". (Type check passed).
[32m2024-02-20 20:42:55 +0100[0m - dagster - [34mDEBUG[0m - __ASSET_JOB - 5c9b89e7-9e5c-46ab-a866-debe23ee1778 - 353337 - buses_with_nearest_stops - STEP_INPUT - Got input "fetch_timetables_data" of type "Any". (Type check passed).
/home/janek/kurs_python/zadanie_zaliczeniowe/bus-analysis/bus_analysis/assets.py:204: FutureWarning: Setting an item of incompatible dtype is deprecated and will raise an error in a future version of pandas. Value '2108' has dtype incompatible with float64, please explicitly cast to a compatible dtype first.
  buses_data.at[bus_idx, "nearest_stop"] = group.iloc[nearest_stop_idx][
/home/janek/kurs_python/zadanie_zaliczeniowe/bus-analysis/bus_analysis/assets.py:207: FutureWarning: Setting an item of incompatible dtype is deprecated and will raise an error in a future version of pandas. Value '04' has dtype incompatible with float64, please explicitly cast to a compatible dtype first.
  buses_data.at[bus_idx, "nearest_stop_number"] = group.iloc[
[32m2024-02-20 20:43:04 +0100[0m - dagster - [34mDEBUG[0m - __ASSET_JOB - 5c9b89e7-9e5c-46ab-a866-debe23ee1778 - 353337 - buses_with_nearest_stops - STEP_OUTPUT - Yielded output "result" of type "Any". (Type check passed).
[32m2024-02-20 20:43:04 +0100[0m - dagster - [34mDEBUG[0m - __ASSET_JOB - 5c9b89e7-9e5c-46ab-a866-debe23ee1778 - buses_with_nearest_stops - Writing file at: ../data/buses_with_nearest_stops using PickledObjectFilesystemIOManager...
[32m2024-02-20 20:43:05 +0100[0m - dagster - [34mDEBUG[0m - __ASSET_JOB - 5c9b89e7-9e5c-46ab-a866-debe23ee1778 - 353337 - buses_with_nearest_stops - ASSET_MATERIALIZATION - Materialized value buses_with_nearest_stops.
[32m2024-02-20 20:43:05 +0100[0m - dagster - [34mDEBUG[0m - __ASSET_JOB - 5c9b89e7-9e5c-46ab-a866-debe23ee1778 - 353337 - buses_with_nearest_stops - HANDLED_OUTPUT - Handled output "result" using IO manager "base_io_manager"
[32m2024-02-20 20:43:05 +0100[0m - dagster - [34mDEBUG[0m - __ASSET_JOB - 5c9b89e7-9e5c-46ab-a866-debe23ee1778 - 353337 - buses_with_nearest_stops - STEP_SUCCESS - Finished execution of step "buses_with_nearest_stops" in 9.59s.
