[32m2024-02-08 15:21:20 +0100[0m - dagster - [34mDEBUG[0m - __ASSET_JOB - 14676116-1e5c-4043-a856-07a6da13ba2c - 187807 - LOGS_CAPTURED - Started capturing logs in process (pid: 187807).
[32m2024-02-08 15:21:20 +0100[0m - dagster - [34mDEBUG[0m - __ASSET_JOB - 14676116-1e5c-4043-a856-07a6da13ba2c - 187807 - fetch_stops_data - STEP_START - Started execution of step "fetch_stops_data".
[32m2024-02-08 15:21:21 +0100[0m - dagster - [34mERROR[0m - [31m__ASSET_JOB - 14676116-1e5c-4043-a856-07a6da13ba2c - fetch_stops_data - Błąd pobierania danych: 404[0m
[32m2024-02-08 15:21:21 +0100[0m - dagster - [34mERROR[0m - [31m__ASSET_JOB - 14676116-1e5c-4043-a856-07a6da13ba2c - 187807 - fetch_stops_data - STEP_FAILURE - Execution of step "fetch_stops_data" failed.

dagster._core.errors.DagsterExecutionStepExecutionError: Error occurred while executing op "fetch_stops_data"::

Exception: Błąd pobierania danych: 404

Stack Trace:
  File "/home/janek/miniconda3/envs/bus-analysis/lib/python3.10/site-packages/dagster/_core/execution/plan/utils.py", line 54, in op_execution_error_boundary
    yield
  File "/home/janek/miniconda3/envs/bus-analysis/lib/python3.10/site-packages/dagster/_utils/__init__.py", line 467, in iterate_with_context
    next_output = next(iterator)
  File "/home/janek/miniconda3/envs/bus-analysis/lib/python3.10/site-packages/dagster/_core/execution/plan/compute_generator.py", line 131, in _coerce_op_compute_fn_to_iterator
    result = invoke_compute_fn(
  File "/home/janek/miniconda3/envs/bus-analysis/lib/python3.10/site-packages/dagster/_core/execution/plan/compute_generator.py", line 125, in invoke_compute_fn
    return fn(context, **args_to_pass) if context_arg_provided else fn(**args_to_pass)
  File "/home/janek/kurs_python/zadanie_zaliczeniowe/bus-analysis/bus_analysis/assets.py", line 23, in fetch_stops_data
    return warsaw_api.request_stops()
  File "/home/janek/kurs_python/zadanie_zaliczeniowe/bus-analysis/bus_analysis/resources.py", line 59, in request_stops
    raise Exception(f"Błąd pobierania danych: {response.status_code}")
[0m
